1547403781.620045 client started (10902): version 2.8, socket /tmp//tmux-1000/default, protocol 8
1547403781.620098 on Linux 4.14.83-1-MANJARO #1 SMP PREEMPT Fri Nov 23 18:20:11 UTC 2018; libevent 2.1.8-stable (poll)
1547403781.620140 socket is /tmp//tmux-1000/default
1547403781.620160 trying connect
1547403781.620295 add peer 0x55f2c6a75350: 6 ((nil))
1547403781.620407 sending message 100 to peer 0x55f2c6a75350 (4 bytes)
1547403781.620424 sending message 101 to peer 0x55f2c6a75350 (16 bytes)
1547403781.620434 sending message 102 to peer 0x55f2c6a75350 (11 bytes)
1547403781.620443 sending message 108 to peer 0x55f2c6a75350 (48 bytes)
1547403781.620454 sending message 104 to peer 0x55f2c6a75350 (0 bytes)
1547403781.620465 sending message 107 to peer 0x55f2c6a75350 (4 bytes)
1547403781.620474 sending message 105 to peer 0x55f2c6a75350 (38 bytes)
1547403781.620484 sending message 105 to peer 0x55f2c6a75350 (26 bytes)
1547403781.620493 sending message 105 to peer 0x55f2c6a75350 (20 bytes)
1547403781.620502 sending message 105 to peer 0x55f2c6a75350 (15 bytes)
1547403781.620510 sending message 105 to peer 0x55f2c6a75350 (54 bytes)
1547403781.620519 sending message 105 to peer 0x55f2c6a75350 (19 bytes)
1547403781.620528 sending message 105 to peer 0x55f2c6a75350 (55 bytes)
1547403781.620536 sending message 105 to peer 0x55f2c6a75350 (11 bytes)
1547403781.620545 sending message 105 to peer 0x55f2c6a75350 (21 bytes)
1547403781.620554 sending message 105 to peer 0x55f2c6a75350 (14 bytes)
1547403781.620563 sending message 105 to peer 0x55f2c6a75350 (38 bytes)
1547403781.620572 sending message 105 to peer 0x55f2c6a75350 (32 bytes)
1547403781.620580 sending message 105 to peer 0x55f2c6a75350 (18 bytes)
1547403781.620589 sending message 105 to peer 0x55f2c6a75350 (17 bytes)
1547403781.620598 sending message 105 to peer 0x55f2c6a75350 (23 bytes)
1547403781.620614 sending message 105 to peer 0x55f2c6a75350 (21 bytes)
1547403781.620624 sending message 105 to peer 0x55f2c6a75350 (30 bytes)
1547403781.620632 sending message 105 to peer 0x55f2c6a75350 (27 bytes)
1547403781.620641 sending message 105 to peer 0x55f2c6a75350 (24 bytes)
1547403781.620650 sending message 105 to peer 0x55f2c6a75350 (20 bytes)
1547403781.620658 sending message 105 to peer 0x55f2c6a75350 (23 bytes)
1547403781.620667 sending message 105 to peer 0x55f2c6a75350 (21 bytes)
1547403781.620675 sending message 105 to peer 0x55f2c6a75350 (25 bytes)
1547403781.620684 sending message 105 to peer 0x55f2c6a75350 (20 bytes)
1547403781.620692 sending message 105 to peer 0x55f2c6a75350 (8 bytes)
1547403781.620701 sending message 105 to peer 0x55f2c6a75350 (15 bytes)
1547403781.620710 sending message 105 to peer 0x55f2c6a75350 (32 bytes)
1547403781.620719 sending message 105 to peer 0x55f2c6a75350 (1506 bytes)
1547403781.620747 sending message 105 to peer 0x55f2c6a75350 (28 bytes)
1547403781.620758 sending message 105 to peer 0x55f2c6a75350 (53 bytes)
1547403781.620768 sending message 105 to peer 0x55f2c6a75350 (16 bytes)
1547403781.620777 sending message 105 to peer 0x55f2c6a75350 (26 bytes)
1547403781.620786 sending message 105 to peer 0x55f2c6a75350 (55 bytes)
1547403781.620796 sending message 105 to peer 0x55f2c6a75350 (11 bytes)
1547403781.620805 sending message 105 to peer 0x55f2c6a75350 (659 bytes)
1547403781.620815 sending message 105 to peer 0x55f2c6a75350 (52 bytes)
1547403781.620824 sending message 105 to peer 0x55f2c6a75350 (27 bytes)
1547403781.620833 sending message 105 to peer 0x55f2c6a75350 (15 bytes)
1547403781.620842 sending message 105 to peer 0x55f2c6a75350 (8 bytes)
1547403781.620851 sending message 105 to peer 0x55f2c6a75350 (21 bytes)
1547403781.620860 sending message 105 to peer 0x55f2c6a75350 (36 bytes)
1547403781.620869 sending message 105 to peer 0x55f2c6a75350 (13 bytes)
1547403781.620878 sending message 105 to peer 0x55f2c6a75350 (12 bytes)
1547403781.620887 sending message 105 to peer 0x55f2c6a75350 (53 bytes)
1547403781.620896 sending message 105 to peer 0x55f2c6a75350 (44 bytes)
1547403781.620905 sending message 105 to peer 0x55f2c6a75350 (55 bytes)
1547403781.620930 sending message 105 to peer 0x55f2c6a75350 (30 bytes)
1547403781.620939 sending message 105 to peer 0x55f2c6a75350 (18 bytes)
1547403781.620948 sending message 105 to peer 0x55f2c6a75350 (38 bytes)
1547403781.620957 sending message 105 to peer 0x55f2c6a75350 (36 bytes)
1547403781.620966 sending message 105 to peer 0x55f2c6a75350 (23 bytes)
1547403781.620976 sending message 105 to peer 0x55f2c6a75350 (121 bytes)
1547403781.620985 sending message 105 to peer 0x55f2c6a75350 (50 bytes)
1547403781.620994 sending message 105 to peer 0x55f2c6a75350 (31 bytes)
1547403781.621003 sending message 105 to peer 0x55f2c6a75350 (15 bytes)
1547403781.621013 sending message 105 to peer 0x55f2c6a75350 (52 bytes)
1547403781.621022 sending message 105 to peer 0x55f2c6a75350 (23 bytes)
1547403781.621031 sending message 105 to peer 0x55f2c6a75350 (18 bytes)
1547403781.621040 sending message 105 to peer 0x55f2c6a75350 (58 bytes)
1547403781.621048 sending message 105 to peer 0x55f2c6a75350 (21 bytes)
1547403781.621057 sending message 105 to peer 0x55f2c6a75350 (11 bytes)
1547403781.621066 sending message 105 to peer 0x55f2c6a75350 (28 bytes)
1547403781.621075 sending message 105 to peer 0x55f2c6a75350 (16 bytes)
1547403781.621084 sending message 105 to peer 0x55f2c6a75350 (82 bytes)
1547403781.621093 sending message 106 to peer 0x55f2c6a75350 (0 bytes)
1547403781.621103 sending message 200 to peer 0x55f2c6a75350 (4 bytes)
1547403781.621112 client loop enter
1547403781.627223 peer 0x55f2c6a75350 message 211
1547403781.627259 client_write: sessions should be nested with care, unset $TMUX to force\n
1547403781.627290 peer 0x55f2c6a75350 message 203
1547403781.627309 client loop exit
